# JRE version: OpenJDK Runtime Environment (8.0_202-b03) (build 1.8.0_202-release-1483-b03)
# Java VM: OpenJDK 64-Bit Server VM (25.202-b03 mixed mode windows-amd64 compressed oops)
Heap:
 PSYoungGen      total 454144K, used 52408K [0x00000000e0000000, 0x0000000100000000, 0x0000000100000000)
  eden space 379392K, 6% used [0x00000000e0000000,0x00000000e17843c8,0x00000000f7280000)
  from space 74752K, 37% used [0x00000000fb700000,0x00000000fd2a9d20,0x0000000100000000)
  to   space 70144K, 0% used [0x00000000f7280000,0x00000000f7280000,0x00000000fb700000)
 ParOldGen       total 437248K, used 210756K [0x00000000a0000000, 0x00000000bab00000, 0x00000000e0000000)
  object space 437248K, 48% used [0x00000000a0000000,0x00000000acdd12d0,0x00000000bab00000)
 Metaspace       used 104030K, capacity 109072K, committed 109144K, reserved 1144832K
  class space    used 13304K, capacity 14403K, committed 14464K, reserved 1048576K
GC Heap History (10 events):
Event: 113.951 GC heap before
{Heap before GC invocations=54 (full 5):
 PSYoungGen      total 479232K, used 456622K [0x00000000e0000000, 0x00000000ffa00000, 0x0000000100000000)
  eden space 443392K, 100% used [0x00000000e0000000,0x00000000fb100000,0x00000000fb100000)
  from space 35840K, 36% used [0x00000000fd700000,0x00000000fe3eba30,0x00000000ffa00000)
  to   space 37376K, 0% used [0x00000000fb100000,0x00000000fb100000,0x00000000fd580000)
 ParOldGen       total 337408K, used 251215K [0x00000000a0000000, 0x00000000b4980000, 0x00000000e0000000)
  object space 337408K, 74% used [0x00000000a0000000,0x00000000af553c30,0x00000000b4980000)
 Metaspace       used 99219K, capacity 103952K, committed 104152K, reserved 1138688K
  class space    used 12934K, capacity 13985K, committed 14080K, reserved 1048576K
Event: 113.989 GC heap after
Heap after GC invocations=54 (full 5):
 PSYoungGen      total 480768K, used 14867K [0x00000000e0000000, 0x00000000ffd80000, 0x0000000100000000)
  eden space 443392K, 0% used [0x00000000e0000000,0x00000000e0000000,0x00000000fb100000)
  from space 37376K, 39% used [0x00000000fb100000,0x00000000fbf84e98,0x00000000fd580000)
  to   space 35328K, 0% used [0x00000000fdb00000,0x00000000fdb00000,0x00000000ffd80000)
 ParOldGen       total 337408K, used 263035K [0x00000000a0000000, 0x00000000b4980000, 0x00000000e0000000)
  object space 337408K, 77% used [0x00000000a0000000,0x00000000b00dec40,0x00000000b4980000)
 Metaspace       used 99219K, capacity 103952K, committed 104152K, reserved 1138688K
  class space    used 12934K, capacity 13985K, committed 14080K, reserved 1048576K
}
Event: 117.340 GC heap before
{Heap before GC invocations=55 (full 5):
 PSYoungGen      total 480768K, used 458259K [0x00000000e0000000, 0x00000000ffd80000, 0x0000000100000000)
  eden space 443392K, 100% used [0x00000000e0000000,0x00000000fb100000,0x00000000fb100000)
  from space 37376K, 39% used [0x00000000fb100000,0x00000000fbf84e98,0x00000000fd580000)
  to   space 35328K, 0% used [0x00000000fdb00000,0x00000000fdb00000,0x00000000ffd80000)
 ParOldGen       total 337408K, used 263035K [0x00000000a0000000, 0x00000000b4980000, 0x00000000e0000000)
  object space 337408K, 77% used [0x00000000a0000000,0x00000000b00dec40,0x00000000b4980000)
 Metaspace       used 99925K, capacity 104708K, committed 104920K, reserved 1140736K
  class space    used 13005K, capacity 14069K, committed 14080K, reserved 1048576K
Event: 117.509 GC heap after
Heap after GC invocations=55 (full 5):
 PSYoungGen      total 424448K, used 35304K [0x00000000e0000000, 0x0000000100000000, 0x0000000100000000)
  eden space 389120K, 0% used [0x00000000e0000000,0x00000000e0000000,0x00000000f7c00000)
  from space 35328K, 99% used [0x00000000fdb00000,0x00000000ffd7a248,0x00000000ffd80000)
  to   space 67584K, 0% used [0x00000000f7c00000,0x00000000f7c00000,0x00000000fbe00000)
 ParOldGen       total 337408K, used 336101K [0x00000000a0000000, 0x00000000b4980000, 0x00000000e0000000)
  object space 337408K, 99% used [0x00000000a0000000,0x00000000b4839578,0x00000000b4980000)
 Metaspace       used 99925K, capacity 104708K, committed 104920K, reserved 1140736K
  class space    used 13005K, capacity 14069K, committed 14080K, reserved 1048576K
}
Event: 117.509 GC heap before
{Heap before GC invocations=56 (full 6):
 PSYoungGen      total 424448K, used 35304K [0x00000000e0000000, 0x0000000100000000, 0x0000000100000000)
  eden space 389120K, 0% used [0x00000000e0000000,0x00000000e0000000,0x00000000f7c00000)
  from space 35328K, 99% used [0x00000000fdb00000,0x00000000ffd7a248,0x00000000ffd80000)
  to   space 67584K, 0% used [0x00000000f7c00000,0x00000000f7c00000,0x00000000fbe00000)
 ParOldGen       total 337408K, used 336101K [0x00000000a0000000, 0x00000000b4980000, 0x00000000e0000000)
  object space 337408K, 99% used [0x00000000a0000000,0x00000000b4839578,0x00000000b4980000)
 Metaspace       used 99925K, capacity 104708K, committed 104920K, reserved 1140736K
  class space    used 13005K, capacity 14069K, committed 14080K, reserved 1048576K
Event: 118.676 GC heap after
Heap after GC invocations=56 (full 6):
 PSYoungGen      total 424448K, used 0K [0x00000000e0000000, 0x0000000100000000, 0x0000000100000000)
  eden space 389120K, 0% used [0x00000000e0000000,0x00000000e0000000,0x00000000f7c00000)
  from space 35328K, 0% used [0x00000000fdb00000,0x00000000fdb00000,0x00000000ffd80000)
  to   space 67584K, 0% used [0x00000000f7c00000,0x00000000f7c00000,0x00000000fbe00000)
 ParOldGen       total 437248K, used 210748K [0x00000000a0000000, 0x00000000bab00000, 0x00000000e0000000)
  object space 437248K, 48% used [0x00000000a0000000,0x00000000acdcf2d0,0x00000000bab00000)
 Metaspace       used 99923K, capacity 104702K, committed 104920K, reserved 1140736K
  class space    used 13005K, capacity 14068K, committed 14080K, reserved 1048576K
}
Event: 121.671 GC heap before
{Heap before GC invocations=57 (full 6):
 PSYoungGen      total 424448K, used 389120K [0x00000000e0000000, 0x0000000100000000, 0x0000000100000000)
  eden space 389120K, 100% used [0x00000000e0000000,0x00000000f7c00000,0x00000000f7c00000)
  from space 35328K, 0% used [0x00000000fdb00000,0x00000000fdb00000,0x00000000ffd80000)
  to   space 67584K, 0% used [0x00000000f7c00000,0x00000000f7c00000,0x00000000fbe00000)
 ParOldGen       total 437248K, used 210748K [0x00000000a0000000, 0x00000000bab00000, 0x00000000e0000000)
  object space 437248K, 48% used [0x00000000a0000000,0x00000000acdcf2d0,0x00000000bab00000)
 Metaspace       used 99952K, capacity 104706K, committed 104920K, reserved 1140736K
  class space    used 13005K, capacity 14068K, committed 14080K, reserved 1048576K
Event: 121.726 GC heap after
Heap after GC invocations=57 (full 6):
 PSYoungGen      total 444928K, used 55391K [0x00000000e0000000, 0x0000000100000000, 0x0000000100000000)
  eden space 389120K, 0% used [0x00000000e0000000,0x00000000e0000000,0x00000000f7c00000)
  from space 55808K, 99% used [0x00000000f7c00000,0x00000000fb217c68,0x00000000fb280000)
  to   space 74752K, 0% used [0x00000000fb700000,0x00000000fb700000,0x0000000100000000)
 ParOldGen       total 437248K, used 210748K [0x00000000a0000000, 0x00000000bab00000, 0x00000000e0000000)
  object space 437248K, 48% used [0x00000000a0000000,0x00000000acdcf2d0,0x00000000bab00000)
 Metaspace       used 99952K, capacity 104706K, committed 104920K, reserved 1140736K
  class space    used 13005K, capacity 14068K, committed 14080K, reserved 1048576K
}
Event: 2506.314 GC heap before
{Heap before GC invocations=58 (full 6):
 PSYoungGen      total 444928K, used 444511K [0x00000000e0000000, 0x0000000100000000, 0x0000000100000000)
  eden space 389120K, 100% used [0x00000000e0000000,0x00000000f7c00000,0x00000000f7c00000)
  from space 55808K, 99% used [0x00000000f7c00000,0x00000000fb217c68,0x00000000fb280000)
  to   space 74752K, 0% used [0x00000000fb700000,0x00000000fb700000,0x0000000100000000)
 ParOldGen       total 437248K, used 210748K [0x00000000a0000000, 0x00000000bab00000, 0x00000000e0000000)
  object space 437248K, 48% used [0x00000000a0000000,0x00000000acdcf2d0,0x00000000bab00000)
 Metaspace       used 104016K, capacity 109066K, committed 109144K, reserved 1144832K
  class space    used 13303K, capacity 14402K, committed 14464K, reserved 1048576K
Event: 2506.570 GC heap after
Heap after GC invocations=58 (full 6):
 PSYoungGen      total 454144K, used 28327K [0x00000000e0000000, 0x0000000100000000, 0x0000000100000000)
  eden space 379392K, 0% used [0x00000000e0000000,0x00000000e0000000,0x00000000f7280000)
  from space 74752K, 37% used [0x00000000fb700000,0x00000000fd2a9d20,0x0000000100000000)
  to   space 70144K, 0% used [0x00000000f7280000,0x00000000f7280000,0x00000000fb700000)
 ParOldGen       total 437248K, used 210756K [0x00000000a0000000, 0x00000000bab00000, 0x00000000e0000000)
  object space 437248K, 48% used [0x00000000a0000000,0x00000000acdd12d0,0x00000000bab00000)
 Metaspace       used 104016K, capacity 109066K, committed 109144K, reserved 1144832K
  class space    used 13303K, capacity 14402K, committed 14464K, reserved 1048576K
}

