# JRE version: OpenJDK Runtime Environment (8.0_202-b03) (build 1.8.0_202-release-1483-b03)
# Java VM: OpenJDK 64-Bit Server VM (25.202-b03 mixed mode windows-amd64 compressed oops)
Heap:
 PSYoungGen      total 369664K, used 57932K [0x00000000e0000000, 0x0000000100000000, 0x0000000100000000)
  eden space 226816K, 25% used [0x00000000e0000000,0x00000000e3893128,0x00000000edd80000)
  from space 142848K, 0% used [0x00000000f6780000,0x00000000f6780000,0x00000000ff300000)
  to   space 141312K, 0% used [0x00000000edd80000,0x00000000edd80000,0x00000000f6780000)
 ParOldGen       total 407552K, used 68035K [0x00000000a0000000, 0x00000000b8e00000, 0x00000000e0000000)
  object space 407552K, 16% used [0x00000000a0000000,0x00000000a4270f28,0x00000000b8e00000)
 Metaspace       used 109378K, capacity 115448K, committed 118360K, reserved 1150976K
  class space    used 14198K, capacity 15489K, committed 16256K, reserved 1048576K
GC Heap History (10 events):
Event: 1928.665 GC heap before
{Heap before GC invocations=44 (full 6):
 PSYoungGen      total 230400K, used 229984K [0x00000000e0000000, 0x00000000ffd80000, 0x0000000100000000)
  eden space 229888K, 100% used [0x00000000e0000000,0x00000000ee080000,0x00000000ee080000)
  from space 512K, 18% used [0x00000000ee080000,0x00000000ee098000,0x00000000ee100000)
  to   space 145920K, 0% used [0x00000000f6f00000,0x00000000f6f00000,0x00000000ffd80000)
 ParOldGen       total 421376K, used 256388K [0x00000000a0000000, 0x00000000b9b80000, 0x00000000e0000000)
  object space 421376K, 60% used [0x00000000a0000000,0x00000000afa610b0,0x00000000b9b80000)
 Metaspace       used 110512K, capacity 117796K, committed 118360K, reserved 1150976K
  class space    used 14513K, capacity 16071K, committed 16256K, reserved 1048576K
Event: 1928.786 GC heap after
Heap after GC invocations=44 (full 6):
 PSYoungGen      total 364032K, used 92052K [0x00000000e0000000, 0x0000000100000000, 0x0000000100000000)
  eden space 218112K, 0% used [0x00000000e0000000,0x00000000e0000000,0x00000000ed500000)
  from space 145920K, 63% used [0x00000000f6f00000,0x00000000fc8e5088,0x00000000ffd80000)
  to   space 153088K, 0% used [0x00000000ed500000,0x00000000ed500000,0x00000000f6a80000)
 ParOldGen       total 421376K, used 256404K [0x00000000a0000000, 0x00000000b9b80000, 0x00000000e0000000)
  object space 421376K, 60% used [0x00000000a0000000,0x00000000afa650b0,0x00000000b9b80000)
 Metaspace       used 110512K, capacity 117796K, committed 118360K, reserved 1150976K
  class space    used 14513K, capacity 16071K, committed 16256K, reserved 1048576K
}
Event: 1930.039 GC heap before
{Heap before GC invocations=45 (full 6):
 PSYoungGen      total 364032K, used 306698K [0x00000000e0000000, 0x0000000100000000, 0x0000000100000000)
  eden space 218112K, 98% used [0x00000000e0000000,0x00000000ed19d8e0,0x00000000ed500000)
  from space 145920K, 63% used [0x00000000f6f00000,0x00000000fc8e5088,0x00000000ffd80000)
  to   space 153088K, 0% used [0x00000000ed500000,0x00000000ed500000,0x00000000f6a80000)
 ParOldGen       total 421376K, used 256404K [0x00000000a0000000, 0x00000000b9b80000, 0x00000000e0000000)
  object space 421376K, 60% used [0x00000000a0000000,0x00000000afa650b0,0x00000000b9b80000)
 Metaspace       used 110528K, capacity 117796K, committed 118360K, reserved 1150976K
  class space    used 14513K, capacity 16071K, committed 16256K, reserved 1048576K
Event: 1930.300 GC heap after
Heap after GC invocations=45 (full 6):
 PSYoungGen      total 267264K, used 48710K [0x00000000e0000000, 0x00000000ff300000, 0x0000000100000000)
  eden space 218112K, 0% used [0x00000000e0000000,0x00000000e0000000,0x00000000ed500000)
  from space 49152K, 99% used [0x00000000ed500000,0x00000000f0491a98,0x00000000f0500000)
  to   space 142848K, 0% used [0x00000000f6780000,0x00000000f6780000,0x00000000ff300000)
 ParOldGen       total 421376K, used 328789K [0x00000000a0000000, 0x00000000b9b80000, 0x00000000e0000000)
  object space 421376K, 78% used [0x00000000a0000000,0x00000000b4115738,0x00000000b9b80000)
 Metaspace       used 110528K, capacity 117796K, committed 118360K, reserved 1150976K
  class space    used 14513K, capacity 16071K, committed 16256K, reserved 1048576K
}
Event: 1931.447 GC heap before
{Heap before GC invocations=46 (full 7):
 PSYoungGen      total 267264K, used 265115K [0x00000000e0000000, 0x00000000ff300000, 0x0000000100000000)
  eden space 218112K, 99% used [0x00000000e0000000,0x00000000ed3551e0,0x00000000ed500000)
  from space 49152K, 99% used [0x00000000ed500000,0x00000000f0491a98,0x00000000f0500000)
  to   space 142848K, 0% used [0x00000000f6780000,0x00000000f6780000,0x00000000ff300000)
 ParOldGen       total 421376K, used 336981K [0x00000000a0000000, 0x00000000b9b80000, 0x00000000e0000000)
  object space 421376K, 79% used [0x00000000a0000000,0x00000000b4915748,0x00000000b9b80000)
 Metaspace       used 110543K, capacity 117802K, committed 118360K, reserved 1150976K
  class space    used 14514K, capacity 16072K, committed 16256K, reserved 1048576K
Event: 1931.816 GC heap after
Heap after GC invocations=46 (full 7):
 PSYoungGen      total 267264K, used 0K [0x00000000e0000000, 0x00000000ff300000, 0x0000000100000000)
  eden space 218112K, 0% used [0x00000000e0000000,0x00000000e0000000,0x00000000ed500000)
  from space 49152K, 0% used [0x00000000ed500000,0x00000000ed500000,0x00000000f0500000)
  to   space 142848K, 0% used [0x00000000f6780000,0x00000000f6780000,0x00000000ff300000)
 ParOldGen       total 407552K, used 173808K [0x00000000a0000000, 0x00000000b8e00000, 0x00000000e0000000)
  object space 407552K, 42% used [0x00000000a0000000,0x00000000aa9bc1b0,0x00000000b8e00000)
 Metaspace       used 110543K, capacity 117802K, committed 118360K, reserved 1150976K
  class space    used 14514K, capacity 16072K, committed 16256K, reserved 1048576K
}
Event: 5531.821 GC heap before
{Heap before GC invocations=47 (full 7):
 PSYoungGen      total 267264K, used 207293K [0x00000000e0000000, 0x00000000ff300000, 0x0000000100000000)
  eden space 218112K, 95% used [0x00000000e0000000,0x00000000eca6f610,0x00000000ed500000)
  from space 49152K, 0% used [0x00000000ed500000,0x00000000ed500000,0x00000000f0500000)
  to   space 142848K, 0% used [0x00000000f6780000,0x00000000f6780000,0x00000000ff300000)
 ParOldGen       total 407552K, used 173808K [0x00000000a0000000, 0x00000000b8e00000, 0x00000000e0000000)
  object space 407552K, 42% used [0x00000000a0000000,0x00000000aa9bc1b0,0x00000000b8e00000)
 Metaspace       used 110611K, capacity 117866K, committed 118360K, reserved 1150976K
  class space    used 14515K, capacity 16072K, committed 16256K, reserved 1048576K
Event: 5532.219 GC heap after
Heap after GC invocations=47 (full 7):
 PSYoungGen      total 369664K, used 5956K [0x00000000e0000000, 0x0000000100000000, 0x0000000100000000)
  eden space 226816K, 0% used [0x00000000e0000000,0x00000000e0000000,0x00000000edd80000)
  from space 142848K, 4% used [0x00000000f6780000,0x00000000f6d51240,0x00000000ff300000)
  to   space 141312K, 0% used [0x00000000edd80000,0x00000000edd80000,0x00000000f6780000)
 ParOldGen       total 407552K, used 173816K [0x00000000a0000000, 0x00000000b8e00000, 0x00000000e0000000)
  object space 407552K, 42% used [0x00000000a0000000,0x00000000aa9be1b0,0x00000000b8e00000)
 Metaspace       used 110611K, capacity 117866K, committed 118360K, reserved 1150976K
  class space    used 14515K, capacity 16072K, committed 16256K, reserved 1048576K
}
Event: 5532.219 GC heap before
{Heap before GC invocations=48 (full 8):
 PSYoungGen      total 369664K, used 5956K [0x00000000e0000000, 0x0000000100000000, 0x0000000100000000)
  eden space 226816K, 0% used [0x00000000e0000000,0x00000000e0000000,0x00000000edd80000)
  from space 142848K, 4% used [0x00000000f6780000,0x00000000f6d51240,0x00000000ff300000)
  to   space 141312K, 0% used [0x00000000edd80000,0x00000000edd80000,0x00000000f6780000)
 ParOldGen       total 407552K, used 173816K [0x00000000a0000000, 0x00000000b8e00000, 0x00000000e0000000)
  object space 407552K, 42% used [0x00000000a0000000,0x00000000aa9be1b0,0x00000000b8e00000)
 Metaspace       used 110611K, capacity 117866K, committed 118360K, reserved 1150976K
  class space    used 14515K, capacity 16072K, committed 16256K, reserved 1048576K
Event: 5533.264 GC heap after
Heap after GC invocations=48 (full 8):
 PSYoungGen      total 369664K, used 0K [0x00000000e0000000, 0x0000000100000000, 0x0000000100000000)
  eden space 226816K, 0% used [0x00000000e0000000,0x00000000e0000000,0x00000000edd80000)
  from space 142848K, 0% used [0x00000000f6780000,0x00000000f6780000,0x00000000ff300000)
  to   space 141312K, 0% used [0x00000000edd80000,0x00000000edd80000,0x00000000f6780000)
 ParOldGen       total 407552K, used 68035K [0x00000000a0000000, 0x00000000b8e00000, 0x00000000e0000000)
  object space 407552K, 16% used [0x00000000a0000000,0x00000000a4270f28,0x00000000b8e00000)
 Metaspace       used 109322K, capacity 115324K, committed 118360K, reserved 1150976K
  class space    used 14184K, capacity 15469K, committed 16256K, reserved 1048576K
}

